<?xml version="1.0" encoding="UTF-8"?>
<testsuite xmlns:xsi="http://www.w3.org/2001/XMLSchema-instance" xsi:noNamespaceSchemaLocation="https://maven.apache.org/surefire/maven-surefire-plugin/xsd/surefire-test-report.xsd" name="sample.FizzBuzzTest" time="0.043" tests="3" errors="0" skipped="0" failures="0">
  <properties>
[...]
</properties>
  <testcase name="数値が3でも5でも割り切れる" classname="sample.FizzBuzzTest" time="0.021"/>
  <testcase name="数値が3で割り切れる" classname="sample.FizzBuzzTest" time="0"/>
  <testcase name="数値が5で割り切れる" classname="sample.FizzBuzzTest" time="0.001"/>
</testsuite>